<?xml version="1.0" encoding="UTF-8"?>
<testsuite name="com.vrpirates.rookieonquest.ui.HistorySearchEscapingTest" tests="9" skipped="0" failures="0" errors="0" timestamp="2026-04-11T03:35:18.583Z" hostname="codespaces-952529" time="0.022">
  <properties/>
  <testcase name="test empty and short queries" classname="com.vrpirates.rookieonquest.ui.HistorySearchEscapingTest" time="0.004"/>
  <testcase name="test length limit with escaping" classname="com.vrpirates.rookieonquest.ui.HistorySearchEscapingTest" time="0.007"/>
  <testcase name="test no special characters" classname="com.vrpirates.rookieonquest.ui.HistorySearchEscapingTest" time="0.0"/>
  <testcase name="test trailing backslash truncation" classname="com.vrpirates.rookieonquest.ui.HistorySearchEscapingTest" time="0.006"/>
  <testcase name="test backslash sequences (SQL injection protection)" classname="com.vrpirates.rookieonquest.ui.HistorySearchEscapingTest" time="0.0"/>
  <testcase name="test length limit validation" classname="com.vrpirates.rookieonquest.ui.HistorySearchEscapingTest" time="0.001"/>
  <testcase name="test basic escaping" classname="com.vrpirates.rookieonquest.ui.HistorySearchEscapingTest" time="0.0"/>
  <testcase name="test multiple identical special characters" classname="com.vrpirates.rookieonquest.ui.HistorySearchEscapingTest" time="0.0"/>
  <testcase name="test mixed special characters" classname="com.vrpirates.rookieonquest.ui.HistorySearchEscapingTest" time="0.001"/>
  <system-out><![CDATA[]]></system-out>
  <system-err><![CDATA[]]></system-err>
</testsuite>
