<?xml version="1.0" encoding="UTF-8"?>
<testsuite name="com.vrpirates.rookieonquest.data.PermissionManagerTest" tests="20" skipped="0" failures="0" errors="0" timestamp="2026-04-11T03:35:14.083Z" hostname="codespaces-952529" time="0.068">
  <properties/>
  <testcase name="permissionChecker_mock_returns_configured_values" classname="com.vrpirates.rookieonquest.data.PermissionManagerTest" time="0.001"/>
  <testcase name="permissionCacheDuration_is_30_seconds" classname="com.vrpirates.rookieonquest.data.PermissionManagerTest" time="0.0"/>
  <testcase name="all_shared_prefs_keys_are_unique" classname="com.vrpirates.rookieonquest.data.PermissionManagerTest" time="0.001"/>
  <testcase name="requiredPermission_enum_has_three_values" classname="com.vrpirates.rookieonquest.data.PermissionManagerTest" time="0.003"/>
  <testcase name="cache_duration_is_multiple_of_1000" classname="com.vrpirates.rookieonquest.data.PermissionManagerTest" time="0.0"/>
  <testcase name="requiredPermission_enum_contains_install_unknown_apps" classname="com.vrpirates.rookieonquest.data.PermissionManagerTest" time="0.0"/>
  <testcase name="savePermissionState_handles_all_permission_types" classname="com.vrpirates.rookieonquest.data.PermissionManagerTest" time="0.001"/>
  <testcase name="requiredPermission_enum_contains_manage_external_storage" classname="com.vrpirates.rookieonquest.data.PermissionManagerTest" time="0.0"/>
  <testcase name="setPermissionChecker_accepts_mock" classname="com.vrpirates.rookieonquest.data.PermissionManagerTest" time="0.048"/>
  <testcase name="permissionChecker_mock_can_be_created" classname="com.vrpirates.rookieonquest.data.PermissionManagerTest" time="0.002"/>
  <testcase name="prefsPermissionCheckTimestamp_key_is_correct" classname="com.vrpirates.rookieonquest.data.PermissionManagerTest" time="0.001"/>
  <testcase name="prefsManageExternalStorageGranted_key_is_correct" classname="com.vrpirates.rookieonquest.data.PermissionManagerTest" time="0.0"/>
  <testcase name="critical_permissions_exclude_battery_optimization" classname="com.vrpirates.rookieonquest.data.PermissionManagerTest" time="0.0"/>
  <testcase name="prefsIgnoreBatteryOptimizationsGranted_key_is_correct" classname="com.vrpirates.rookieonquest.data.PermissionManagerTest" time="0.0"/>
  <testcase name="shared_prefs_keys_are_not_empty" classname="com.vrpirates.rookieonquest.data.PermissionManagerTest" time="0.001"/>
  <testcase name="requiredPermission_enum_contains_ignore_battery_optimizations" classname="com.vrpirates.rookieonquest.data.PermissionManagerTest" time="0.0"/>
  <testcase name="prefsInstallUnknownAppsGranted_key_is_correct" classname="com.vrpirates.rookieonquest.data.PermissionManagerTest" time="0.0"/>
  <testcase name="cache_duration_allows_multiple_checks_within_window" classname="com.vrpirates.rookieonquest.data.PermissionManagerTest" time="0.0"/>
  <testcase name="concurrent_permission_state_changes_detected_correctly" classname="com.vrpirates.rookieonquest.data.PermissionManagerTest" time="0.0"/>
  <testcase name="prefsPermissionsGranted_key_is_correct" classname="com.vrpirates.rookieonquest.data.PermissionManagerTest" time="0.001"/>
  <system-out><![CDATA[]]></system-out>
  <system-err><![CDATA[]]></system-err>
</testsuite>
