<?xml version="1.0" encoding="UTF-8"?>
<testsuite name="com.vrpirates.rookieonquest.network.SecureUpdateFlowTest" tests="5" skipped="0" failures="0" errors="0" timestamp="2026-04-11T03:35:24.911Z" hostname="codespaces-952529" time="0.371">
  <properties/>
  <testcase name="testVersionComparison" classname="com.vrpirates.rookieonquest.network.SecureUpdateFlowTest" time="0.001"/>
  <testcase name="testRetryLogicFailureAfterMaxAttempts" classname="com.vrpirates.rookieonquest.network.SecureUpdateFlowTest" time="0.356"/>
  <testcase name="testServerWithoutRangeHeaderSupport" classname="com.vrpirates.rookieonquest.network.SecureUpdateFlowTest" time="0.0"/>
  <testcase name="testResumableDownloadParameters" classname="com.vrpirates.rookieonquest.network.SecureUpdateFlowTest" time="0.0"/>
  <testcase name="testRetryLogicWithExponentialBackoff" classname="com.vrpirates.rookieonquest.network.SecureUpdateFlowTest" time="0.014"/>
  <system-out><![CDATA[]]></system-out>
  <system-err><![CDATA[]]></system-err>
</testsuite>
