<?xml version="1.0" encoding="UTF-8"?>
<testsuite name="com.vrpirates.rookieonquest.data.CryptoUtilsTest" tests="6" skipped="0" failures="0" errors="0" timestamp="2026-04-11T03:35:24.164Z" hostname="codespaces-952529" time="0.25">
  <properties/>
  <testcase name="md5_generatesCorrectHash" classname="com.vrpirates.rookieonquest.data.CryptoUtilsTest" time="0.046"/>
  <testcase name="hmacSha256_differentInput_generatesDifferentSignature" classname="com.vrpirates.rookieonquest.data.CryptoUtilsTest" time="0.139"/>
  <testcase name="sha256_generatesCorrectFileHash" classname="com.vrpirates.rookieonquest.data.CryptoUtilsTest" time="0.009"/>
  <testcase name="hmacSha256_differentSecret_generatesDifferentSignature" classname="com.vrpirates.rookieonquest.data.CryptoUtilsTest" time="0.006"/>
  <testcase name="sha256_reportsProgress" classname="com.vrpirates.rookieonquest.data.CryptoUtilsTest" time="0.035"/>
  <testcase name="hmacSha256_generatesCorrectSignature" classname="com.vrpirates.rookieonquest.data.CryptoUtilsTest" time="0.001"/>
  <system-out><![CDATA[]]></system-out>
  <system-err><![CDATA[]]></system-err>
</testsuite>
